# JRE version: OpenJDK Runtime Environment Temurin-21.0.10+7 (21.0.10+7) (build 21.0.10+7-LTS)
# Java VM: OpenJDK 64-Bit Server VM Temurin-21.0.10+7 (21.0.10+7-LTS, mixed mode, sharing, tiered, compressed oops, compressed class ptrs, parallel gc, windows-amd64)
GC Precious Log:
 CardTable entry size: 512
 CPUs: 8 total, 8 available
 Memory: 7930M
 Large Page Support: Disabled
 NUMA Support: Disabled
 Compressed Oops: Enabled (32-bit)
 Alignments: Space 512K, Generation 512K, Heap 2M
 Heap Min Capacity: 100M
 Heap Initial Capacity: 100M
 Heap Max Capacity: 2G
 Pre-touch: Disabled
 Parallel Workers: 8
Heap:
 PSYoungGen      total 13312K, used 4757K [0x00000000d5580000, 0x00000000d6500000, 0x0000000100000000)
  eden space 11776K, 28% used [0x00000000d5580000,0x00000000d58b95c0,0x00000000d6100000)
  from space 1536K, 94% used [0x00000000d6100000,0x00000000d626c030,0x00000000d6280000)
  to   space 2048K, 0% used [0x00000000d6300000,0x00000000d6300000,0x00000000d6500000)
 ParOldGen       total 77824K, used 77574K [0x0000000080000000, 0x0000000084c00000, 0x00000000d5580000)
  object space 77824K, 99% used [0x0000000080000000,0x0000000084bc1ab0,0x0000000084c00000)
 Metaspace       used 66200K, committed 67648K, reserved 1114112K
  class space    used 6959K, committed 7552K, reserved 1048576K
GC Heap History (20 events):
Event: 11.225 GC heap before
{Heap before GC invocations=71 (full 3):
 PSYoungGen      total 18432K, used 18253K [0x00000000d5580000, 0x00000000d6b00000, 0x0000000100000000)
  eden space 17920K, 99% used [0x00000000d5580000,0x00000000d66d5420,0x00000000d6700000)
  from space 512K, 98% used [0x00000000d6880000,0x00000000d68fe0c0,0x00000000d6900000)
  to   space 2048K, 0% used [0x00000000d6900000,0x00000000d6900000,0x00000000d6b00000)
 ParOldGen       total 76800K, used 64701K [0x0000000080000000, 0x0000000084b00000, 0x00000000d5580000)
  object space 76800K, 84% used [0x0000000080000000,0x0000000083f2f670,0x0000000084b00000)
 Metaspace       used 59490K, committed 60928K, reserved 1114112K
  class space    used 6374K, committed 6976K, reserved 1048576K
}
Event: 11.228 GC heap after
{Heap after GC invocations=71 (full 3):
 PSYoungGen      total 19968K, used 1523K [0x00000000d5580000, 0x00000000d6b00000, 0x0000000100000000)
  eden space 17920K, 0% used [0x00000000d5580000,0x00000000d5580000,0x00000000d6700000)
  from space 2048K, 74% used [0x00000000d6900000,0x00000000d6a7cfe0,0x00000000d6b00000)
  to   space 2048K, 0% used [0x00000000d6700000,0x00000000d6700000,0x00000000d6900000)
 ParOldGen       total 76800K, used 65021K [0x0000000080000000, 0x0000000084b00000, 0x00000000d5580000)
  object space 76800K, 84% used [0x0000000080000000,0x0000000083f7f680,0x0000000084b00000)
 Metaspace       used 59490K, committed 60928K, reserved 1114112K
  class space    used 6374K, committed 6976K, reserved 1048576K
}
Event: 11.408 GC heap before
{Heap before GC invocations=72 (full 3):
 PSYoungGen      total 19968K, used 19440K [0x00000000d5580000, 0x00000000d6b00000, 0x0000000100000000)
  eden space 17920K, 99% used [0x00000000d5580000,0x00000000d66ff3f0,0x00000000d6700000)
  from space 2048K, 74% used [0x00000000d6900000,0x00000000d6a7cfe0,0x00000000d6b00000)
  to   space 2048K, 0% used [0x00000000d6700000,0x00000000d6700000,0x00000000d6900000)
 ParOldGen       total 76800K, used 65021K [0x0000000080000000, 0x0000000084b00000, 0x00000000d5580000)
  object space 76800K, 84% used [0x0000000080000000,0x0000000083f7f680,0x0000000084b00000)
 Metaspace       used 61019K, committed 62464K, reserved 1114112K
  class space    used 6497K, committed 7104K, reserved 1048576K
}
Event: 11.410 GC heap after
{Heap after GC invocations=72 (full 3):
 PSYoungGen      total 19456K, used 1249K [0x00000000d5580000, 0x00000000d6a00000, 0x0000000100000000)
  eden space 17920K, 0% used [0x00000000d5580000,0x00000000d5580000,0x00000000d6700000)
  from space 1536K, 81% used [0x00000000d6700000,0x00000000d68385a8,0x00000000d6880000)
  to   space 1536K, 0% used [0x00000000d6880000,0x00000000d6880000,0x00000000d6a00000)
 ParOldGen       total 76800K, used 65567K [0x0000000080000000, 0x0000000084b00000, 0x00000000d5580000)
  object space 76800K, 85% used [0x0000000080000000,0x0000000084007f40,0x0000000084b00000)
 Metaspace       used 61019K, committed 62464K, reserved 1114112K
  class space    used 6497K, committed 7104K, reserved 1048576K
}
Event: 17747.133 GC heap before
{Heap before GC invocations=73 (full 3):
 PSYoungGen      total 19456K, used 19169K [0x00000000d5580000, 0x00000000d6a00000, 0x0000000100000000)
  eden space 17920K, 100% used [0x00000000d5580000,0x00000000d6700000,0x00000000d6700000)
  from space 1536K, 81% used [0x00000000d6700000,0x00000000d68385a8,0x00000000d6880000)
  to   space 1536K, 0% used [0x00000000d6880000,0x00000000d6880000,0x00000000d6a00000)
 ParOldGen       total 76800K, used 65567K [0x0000000080000000, 0x0000000084b00000, 0x00000000d5580000)
  object space 76800K, 85% used [0x0000000080000000,0x0000000084007f40,0x0000000084b00000)
 Metaspace       used 61835K, committed 63360K, reserved 1114112K
  class space    used 6590K, committed 7232K, reserved 1048576K
}
Event: 17747.203 GC heap after
{Heap after GC invocations=73 (full 3):
 PSYoungGen      total 13312K, used 1530K [0x00000000d5580000, 0x00000000d7600000, 0x0000000100000000)
  eden space 11776K, 0% used [0x00000000d5580000,0x00000000d5580000,0x00000000d6100000)
  from space 1536K, 99% used [0x00000000d6880000,0x00000000d69fe960,0x00000000d6a00000)
  to   space 7680K, 0% used [0x00000000d6100000,0x00000000d6100000,0x00000000d6880000)
 ParOldGen       total 76800K, used 70437K [0x0000000080000000, 0x0000000084b00000, 0x00000000d5580000)
  object space 76800K, 91% used [0x0000000080000000,0x00000000844c9670,0x0000000084b00000)
 Metaspace       used 61835K, committed 63360K, reserved 1114112K
  class space    used 6590K, committed 7232K, reserved 1048576K
}
Event: 17811.691 GC heap before
{Heap before GC invocations=74 (full 3):
 PSYoungGen      total 13312K, used 13306K [0x00000000d5580000, 0x00000000d7600000, 0x0000000100000000)
  eden space 11776K, 99% used [0x00000000d5580000,0x00000000d60fffe0,0x00000000d6100000)
  from space 1536K, 99% used [0x00000000d6880000,0x00000000d69fe960,0x00000000d6a00000)
  to   space 7680K, 0% used [0x00000000d6100000,0x00000000d6100000,0x00000000d6880000)
 ParOldGen       total 76800K, used 70437K [0x0000000080000000, 0x0000000084b00000, 0x00000000d5580000)
  object space 76800K, 91% used [0x0000000080000000,0x00000000844c9670,0x0000000084b00000)
 Metaspace       used 62459K, committed 63936K, reserved 1114112K
  class space    used 6645K, committed 7232K, reserved 1048576K
}
Event: 17811.714 GC heap after
{Heap after GC invocations=74 (full 3):
 PSYoungGen      total 13312K, used 1520K [0x00000000d5580000, 0x00000000d6900000, 0x0000000100000000)
  eden space 11776K, 0% used [0x00000000d5580000,0x00000000d5580000,0x00000000d6100000)
  from space 1536K, 99% used [0x00000000d6100000,0x00000000d627c350,0x00000000d6280000)
  to   space 3584K, 0% used [0x00000000d6580000,0x00000000d6580000,0x00000000d6900000)
 ParOldGen       total 76800K, used 70917K [0x0000000080000000, 0x0000000084b00000, 0x00000000d5580000)
  object space 76800K, 92% used [0x0000000080000000,0x0000000084541690,0x0000000084b00000)
 Metaspace       used 62459K, committed 63936K, reserved 1114112K
  class space    used 6645K, committed 7232K, reserved 1048576K
}
Event: 17812.795 GC heap before
{Heap before GC invocations=75 (full 3):
 PSYoungGen      total 13312K, used 13296K [0x00000000d5580000, 0x00000000d6900000, 0x0000000100000000)
  eden space 11776K, 100% used [0x00000000d5580000,0x00000000d6100000,0x00000000d6100000)
  from space 1536K, 99% used [0x00000000d6100000,0x00000000d627c350,0x00000000d6280000)
  to   space 3584K, 0% used [0x00000000d6580000,0x00000000d6580000,0x00000000d6900000)
 ParOldGen       total 76800K, used 70917K [0x0000000080000000, 0x0000000084b00000, 0x00000000d5580000)
  object space 76800K, 92% used [0x0000000080000000,0x0000000084541690,0x0000000084b00000)
 Metaspace       used 63808K, committed 65280K, reserved 1114112K
  class space    used 6744K, committed 7360K, reserved 1048576K
}
Event: 17812.808 GC heap after
{Heap after GC invocations=75 (full 3):
 PSYoungGen      total 13312K, used 1150K [0x00000000d5580000, 0x00000000d6700000, 0x0000000100000000)
  eden space 11776K, 0% used [0x00000000d5580000,0x00000000d5580000,0x00000000d6100000)
  from space 1536K, 74% used [0x00000000d6580000,0x00000000d669fb70,0x00000000d6700000)
  to   space 2048K, 0% used [0x00000000d6300000,0x00000000d6300000,0x00000000d6500000)
 ParOldGen       total 76800K, used 72188K [0x0000000080000000, 0x0000000084b00000, 0x00000000d5580000)
  object space 76800K, 93% used [0x0000000080000000,0x000000008467f200,0x0000000084b00000)
 Metaspace       used 63808K, committed 65280K, reserved 1114112K
  class space    used 6744K, committed 7360K, reserved 1048576K
}
Event: 17813.004 GC heap before
{Heap before GC invocations=76 (full 3):
 PSYoungGen      total 13312K, used 12926K [0x00000000d5580000, 0x00000000d6700000, 0x0000000100000000)
  eden space 11776K, 100% used [0x00000000d5580000,0x00000000d6100000,0x00000000d6100000)
  from space 1536K, 74% used [0x00000000d6580000,0x00000000d669fb70,0x00000000d6700000)
  to   space 2048K, 0% used [0x00000000d6300000,0x00000000d6300000,0x00000000d6500000)
 ParOldGen       total 76800K, used 72188K [0x0000000080000000, 0x0000000084b00000, 0x00000000d5580000)
  object space 76800K, 93% used [0x0000000080000000,0x000000008467f200,0x0000000084b00000)
 Metaspace       used 63886K, committed 65344K, reserved 1114112K
  class space    used 6752K, committed 7360K, reserved 1048576K
}
Event: 17813.012 GC heap after
{Heap after GC invocations=76 (full 3):
 PSYoungGen      total 13312K, used 1134K [0x00000000d5580000, 0x00000000d6600000, 0x0000000100000000)
  eden space 11776K, 0% used [0x00000000d5580000,0x00000000d5580000,0x00000000d6100000)
  from space 1536K, 73% used [0x00000000d6300000,0x00000000d641bb40,0x00000000d6480000)
  to   space 1536K, 0% used [0x00000000d6480000,0x00000000d6480000,0x00000000d6600000)
 ParOldGen       total 76800K, used 73203K [0x0000000080000000, 0x0000000084b00000, 0x00000000d5580000)
  object space 76800K, 95% used [0x0000000080000000,0x000000008477cc40,0x0000000084b00000)
 Metaspace       used 63886K, committed 65344K, reserved 1114112K
  class space    used 6752K, committed 7360K, reserved 1048576K
}
Event: 17813.461 GC heap before
{Heap before GC invocations=77 (full 3):
 PSYoungGen      total 13312K, used 12910K [0x00000000d5580000, 0x00000000d6600000, 0x0000000100000000)
  eden space 11776K, 100% used [0x00000000d5580000,0x00000000d6100000,0x00000000d6100000)
  from space 1536K, 73% used [0x00000000d6300000,0x00000000d641bb40,0x00000000d6480000)
  to   space 1536K, 0% used [0x00000000d6480000,0x00000000d6480000,0x00000000d6600000)
 ParOldGen       total 76800K, used 73203K [0x0000000080000000, 0x0000000084b00000, 0x00000000d5580000)
  object space 76800K, 95% used [0x0000000080000000,0x000000008477cc40,0x0000000084b00000)
 Metaspace       used 64163K, committed 65728K, reserved 1114112K
  class space    used 6781K, committed 7424K, reserved 1048576K
}
Event: 17813.468 GC heap after
{Heap after GC invocations=77 (full 3):
 PSYoungGen      total 13312K, used 1138K [0x00000000d5580000, 0x00000000d6600000, 0x0000000100000000)
  eden space 11776K, 0% used [0x00000000d5580000,0x00000000d5580000,0x00000000d6100000)
  from space 1536K, 74% used [0x00000000d6480000,0x00000000d659ca78,0x00000000d6600000)
  to   space 1536K, 0% used [0x00000000d6300000,0x00000000d6300000,0x00000000d6480000)
 ParOldGen       total 76800K, used 74224K [0x0000000080000000, 0x0000000084b00000, 0x00000000d5580000)
  object space 76800K, 96% used [0x0000000080000000,0x000000008487c1b0,0x0000000084b00000)
 Metaspace       used 64163K, committed 65728K, reserved 1114112K
  class space    used 6781K, committed 7424K, reserved 1048576K
}
Event: 17814.073 GC heap before
{Heap before GC invocations=78 (full 3):
 PSYoungGen      total 13312K, used 12914K [0x00000000d5580000, 0x00000000d6600000, 0x0000000100000000)
  eden space 11776K, 100% used [0x00000000d5580000,0x00000000d6100000,0x00000000d6100000)
  from space 1536K, 74% used [0x00000000d6480000,0x00000000d659ca78,0x00000000d6600000)
  to   space 1536K, 0% used [0x00000000d6300000,0x00000000d6300000,0x00000000d6480000)
 ParOldGen       total 76800K, used 74224K [0x0000000080000000, 0x0000000084b00000, 0x00000000d5580000)
  object space 76800K, 96% used [0x0000000080000000,0x000000008487c1b0,0x0000000084b00000)
 Metaspace       used 64423K, committed 65920K, reserved 1114112K
  class space    used 6804K, committed 7424K, reserved 1048576K
}
Event: 17814.123 GC heap after
{Heap after GC invocations=78 (full 3):
 PSYoungGen      total 12800K, used 768K [0x00000000d5580000, 0x00000000d6500000, 0x0000000100000000)
  eden space 11776K, 0% used [0x00000000d5580000,0x00000000d5580000,0x00000000d6100000)
  from space 1024K, 75% used [0x00000000d6300000,0x00000000d63c0180,0x00000000d6400000)
  to   space 1024K, 0% used [0x00000000d6400000,0x00000000d6400000,0x00000000d6500000)
 ParOldGen       total 76800K, used 75168K [0x0000000080000000, 0x0000000084b00000, 0x00000000d5580000)
  object space 76800K, 97% used [0x0000000080000000,0x0000000084968020,0x0000000084b00000)
 Metaspace       used 64423K, committed 65920K, reserved 1114112K
  class space    used 6804K, committed 7424K, reserved 1048576K
}
Event: 17814.590 GC heap before
{Heap before GC invocations=79 (full 3):
 PSYoungGen      total 12800K, used 12544K [0x00000000d5580000, 0x00000000d6500000, 0x0000000100000000)
  eden space 11776K, 100% used [0x00000000d5580000,0x00000000d6100000,0x00000000d6100000)
  from space 1024K, 75% used [0x00000000d6300000,0x00000000d63c0180,0x00000000d6400000)
  to   space 1024K, 0% used [0x00000000d6400000,0x00000000d6400000,0x00000000d6500000)
 ParOldGen       total 76800K, used 75168K [0x0000000080000000, 0x0000000084b00000, 0x00000000d5580000)
  object space 76800K, 97% used [0x0000000080000000,0x0000000084968020,0x0000000084b00000)
 Metaspace       used 65172K, committed 66688K, reserved 1114112K
  class space    used 6879K, committed 7488K, reserved 1048576K
}
Event: 17814.628 GC heap after
{Heap after GC invocations=79 (full 3):
 PSYoungGen      total 12800K, used 995K [0x00000000d5580000, 0x00000000d6700000, 0x0000000100000000)
  eden space 11776K, 0% used [0x00000000d5580000,0x00000000d5580000,0x00000000d6100000)
  from space 1024K, 97% used [0x00000000d6400000,0x00000000d64f8e08,0x00000000d6500000)
  to   space 3072K, 0% used [0x00000000d6100000,0x00000000d6100000,0x00000000d6400000)
 ParOldGen       total 76800K, used 76573K [0x0000000080000000, 0x0000000084b00000, 0x00000000d5580000)
  object space 76800K, 99% used [0x0000000080000000,0x0000000084ac7598,0x0000000084b00000)
 Metaspace       used 65172K, committed 66688K, reserved 1114112K
  class space    used 6879K, committed 7488K, reserved 1048576K
}
Event: 17815.989 GC heap before
{Heap before GC invocations=80 (full 3):
 PSYoungGen      total 12800K, used 12771K [0x00000000d5580000, 0x00000000d6700000, 0x0000000100000000)
  eden space 11776K, 100% used [0x00000000d5580000,0x00000000d6100000,0x00000000d6100000)
  from space 1024K, 97% used [0x00000000d6400000,0x00000000d64f8e08,0x00000000d6500000)
  to   space 3072K, 0% used [0x00000000d6100000,0x00000000d6100000,0x00000000d6400000)
 ParOldGen       total 76800K, used 76573K [0x0000000080000000, 0x0000000084b00000, 0x00000000d5580000)
  object space 76800K, 99% used [0x0000000080000000,0x0000000084ac7598,0x0000000084b00000)
 Metaspace       used 65805K, committed 67264K, reserved 1114112K
  class space    used 6917K, committed 7488K, reserved 1048576K
}
Event: 17815.993 GC heap after
{Heap after GC invocations=80 (full 3):
 PSYoungGen      total 13312K, used 1456K [0x00000000d5580000, 0x00000000d6500000, 0x0000000100000000)
  eden space 11776K, 0% used [0x00000000d5580000,0x00000000d5580000,0x00000000d6100000)
  from space 1536K, 94% used [0x00000000d6100000,0x00000000d626c030,0x00000000d6280000)
  to   space 2048K, 0% used [0x00000000d6300000,0x00000000d6300000,0x00000000d6500000)
 ParOldGen       total 77824K, used 77574K [0x0000000080000000, 0x0000000084c00000, 0x00000000d5580000)
  object space 77824K, 99% used [0x0000000080000000,0x0000000084bc1ab0,0x0000000084c00000)
 Metaspace       used 65805K, committed 67264K, reserved 1114112K
  class space    used 6917K, committed 7488K, reserved 1048576K
}

