# JRE version: OpenJDK Runtime Environment Temurin-21.0.10+7 (21.0.10+7) (build 21.0.10+7-LTS)
# Java VM: OpenJDK 64-Bit Server VM Temurin-21.0.10+7 (21.0.10+7-LTS, mixed mode, sharing, tiered, compressed oops, compressed class ptrs, parallel gc, windows-amd64)
GC Precious Log:
 CardTable entry size: 512
 CPUs: 8 total, 8 available
 Memory: 7930M
 Large Page Support: Disabled
 NUMA Support: Disabled
 Compressed Oops: Enabled (32-bit)
 Alignments: Space 512K, Generation 512K, Heap 2M
 Heap Min Capacity: 100M
 Heap Initial Capacity: 100M
 Heap Max Capacity: 2G
 Pre-touch: Disabled
 Parallel Workers: 8
Heap:
 PSYoungGen      total 17408K, used 7370K [0x00000000d5580000, 0x00000000d6980000, 0x0000000100000000)
  eden space 15872K, 37% used [0x00000000d5580000,0x00000000d5b42a90,0x00000000d6500000)
  from space 1536K, 95% used [0x00000000d6800000,0x00000000d6970010,0x00000000d6980000)
  to   space 2048K, 0% used [0x00000000d6580000,0x00000000d6580000,0x00000000d6780000)
 ParOldGen       total 68608K, used 38917K [0x0000000080000000, 0x0000000084300000, 0x00000000d5580000)
  object space 68608K, 56% used [0x0000000080000000,0x0000000082601708,0x0000000084300000)
 Metaspace       used 49091K, committed 50496K, reserved 1114112K
  class space    used 5329K, committed 5952K, reserved 1048576K
GC Heap History (20 events):
Event: 27.168 GC heap before
{Heap before GC invocations=19 (full 2):
 PSYoungGen      total 17408K, used 17386K [0x00000000d5580000, 0x00000000d7d00000, 0x0000000100000000)
  eden space 15872K, 100% used [0x00000000d5580000,0x00000000d6500000,0x00000000d6500000)
  from space 1536K, 98% used [0x00000000d6e00000,0x00000000d6f7a930,0x00000000d6f80000)
  to   space 9216K, 0% used [0x00000000d6500000,0x00000000d6500000,0x00000000d6e00000)
 ParOldGen       total 68608K, used 27883K [0x0000000080000000, 0x0000000084300000, 0x00000000d5580000)
  object space 68608K, 40% used [0x0000000080000000,0x0000000081b3ae60,0x0000000084300000)
 Metaspace       used 40748K, committed 41920K, reserved 1114112K
  class space    used 4356K, committed 4864K, reserved 1048576K
}
Event: 27.171 GC heap after
{Heap after GC invocations=19 (full 2):
 PSYoungGen      total 19968K, used 3794K [0x00000000d5580000, 0x00000000d7000000, 0x0000000100000000)
  eden space 15872K, 0% used [0x00000000d5580000,0x00000000d5580000,0x00000000d6500000)
  from space 4096K, 92% used [0x00000000d6500000,0x00000000d68b48b8,0x00000000d6900000)
  to   space 5632K, 0% used [0x00000000d6a80000,0x00000000d6a80000,0x00000000d7000000)
 ParOldGen       total 68608K, used 29327K [0x0000000080000000, 0x0000000084300000, 0x00000000d5580000)
  object space 68608K, 42% used [0x0000000080000000,0x0000000081ca3d40,0x0000000084300000)
 Metaspace       used 40748K, committed 41920K, reserved 1114112K
  class space    used 4356K, committed 4864K, reserved 1048576K
}
Event: 27.455 GC heap before
{Heap before GC invocations=20 (full 2):
 PSYoungGen      total 19968K, used 19666K [0x00000000d5580000, 0x00000000d7000000, 0x0000000100000000)
  eden space 15872K, 99% used [0x00000000d5580000,0x00000000d64fffc8,0x00000000d6500000)
  from space 4096K, 92% used [0x00000000d6500000,0x00000000d68b48b8,0x00000000d6900000)
  to   space 5632K, 0% used [0x00000000d6a80000,0x00000000d6a80000,0x00000000d7000000)
 ParOldGen       total 68608K, used 29327K [0x0000000080000000, 0x0000000084300000, 0x00000000d5580000)
  object space 68608K, 42% used [0x0000000080000000,0x0000000081ca3d40,0x0000000084300000)
 Metaspace       used 42520K, committed 43776K, reserved 1114112K
  class space    used 4584K, committed 5120K, reserved 1048576K
}
Event: 27.460 GC heap after
{Heap after GC invocations=20 (full 2):
 PSYoungGen      total 16896K, used 800K [0x00000000d5580000, 0x00000000d6b80000, 0x0000000100000000)
  eden space 15872K, 0% used [0x00000000d5580000,0x00000000d5580000,0x00000000d6500000)
  from space 1024K, 78% used [0x00000000d6a80000,0x00000000d6b48000,0x00000000d6b80000)
  to   space 2560K, 0% used [0x00000000d6680000,0x00000000d6680000,0x00000000d6900000)
 ParOldGen       total 68608K, used 33003K [0x0000000080000000, 0x0000000084300000, 0x00000000d5580000)
  object space 68608K, 48% used [0x0000000080000000,0x000000008203aeb0,0x0000000084300000)
 Metaspace       used 42520K, committed 43776K, reserved 1114112K
  class space    used 4584K, committed 5120K, reserved 1048576K
}
Event: 27.829 GC heap before
{Heap before GC invocations=21 (full 2):
 PSYoungGen      total 16896K, used 16672K [0x00000000d5580000, 0x00000000d6b80000, 0x0000000100000000)
  eden space 15872K, 100% used [0x00000000d5580000,0x00000000d6500000,0x00000000d6500000)
  from space 1024K, 78% used [0x00000000d6a80000,0x00000000d6b48000,0x00000000d6b80000)
  to   space 2560K, 0% used [0x00000000d6680000,0x00000000d6680000,0x00000000d6900000)
 ParOldGen       total 68608K, used 33003K [0x0000000080000000, 0x0000000084300000, 0x00000000d5580000)
  object space 68608K, 48% used [0x0000000080000000,0x000000008203aeb0,0x0000000084300000)
 Metaspace       used 44315K, committed 45568K, reserved 1114112K
  class space    used 4834K, committed 5376K, reserved 1048576K
}
Event: 27.831 GC heap after
{Heap after GC invocations=21 (full 2):
 PSYoungGen      total 18432K, used 1184K [0x00000000d5580000, 0x00000000d6b00000, 0x0000000100000000)
  eden space 15872K, 0% used [0x00000000d5580000,0x00000000d5580000,0x00000000d6500000)
  from space 2560K, 46% used [0x00000000d6680000,0x00000000d67a8000,0x00000000d6900000)
  to   space 1536K, 0% used [0x00000000d6980000,0x00000000d6980000,0x00000000d6b00000)
 ParOldGen       total 68608K, used 33698K [0x0000000080000000, 0x0000000084300000, 0x00000000d5580000)
  object space 68608K, 49% used [0x0000000080000000,0x00000000820e8bb0,0x0000000084300000)
 Metaspace       used 44315K, committed 45568K, reserved 1114112K
  class space    used 4834K, committed 5376K, reserved 1048576K
}
Event: 28.036 GC heap before
{Heap before GC invocations=22 (full 2):
 PSYoungGen      total 18432K, used 17056K [0x00000000d5580000, 0x00000000d6b00000, 0x0000000100000000)
  eden space 15872K, 100% used [0x00000000d5580000,0x00000000d6500000,0x00000000d6500000)
  from space 2560K, 46% used [0x00000000d6680000,0x00000000d67a8000,0x00000000d6900000)
  to   space 1536K, 0% used [0x00000000d6980000,0x00000000d6980000,0x00000000d6b00000)
 ParOldGen       total 68608K, used 33698K [0x0000000080000000, 0x0000000084300000, 0x00000000d5580000)
  object space 68608K, 49% used [0x0000000080000000,0x00000000820e8bb0,0x0000000084300000)
 Metaspace       used 45886K, committed 47168K, reserved 1114112K
  class space    used 5026K, committed 5568K, reserved 1048576K
}
Event: 28.038 GC heap after
{Heap after GC invocations=22 (full 2):
 PSYoungGen      total 16896K, used 1024K [0x00000000d5580000, 0x00000000d6a80000, 0x0000000100000000)
  eden space 15872K, 0% used [0x00000000d5580000,0x00000000d5580000,0x00000000d6500000)
  from space 1024K, 100% used [0x00000000d6980000,0x00000000d6a80000,0x00000000d6a80000)
  to   space 1536K, 0% used [0x00000000d6780000,0x00000000d6780000,0x00000000d6900000)
 ParOldGen       total 68608K, used 34734K [0x0000000080000000, 0x0000000084300000, 0x00000000d5580000)
  object space 68608K, 50% used [0x0000000080000000,0x00000000821ebbe0,0x0000000084300000)
 Metaspace       used 45886K, committed 47168K, reserved 1114112K
  class space    used 5026K, committed 5568K, reserved 1048576K
}
Event: 28.505 GC heap before
{Heap before GC invocations=23 (full 2):
 PSYoungGen      total 16896K, used 16896K [0x00000000d5580000, 0x00000000d6a80000, 0x0000000100000000)
  eden space 15872K, 100% used [0x00000000d5580000,0x00000000d6500000,0x00000000d6500000)
  from space 1024K, 100% used [0x00000000d6980000,0x00000000d6a80000,0x00000000d6a80000)
  to   space 1536K, 0% used [0x00000000d6780000,0x00000000d6780000,0x00000000d6900000)
 ParOldGen       total 68608K, used 34734K [0x0000000080000000, 0x0000000084300000, 0x00000000d5580000)
  object space 68608K, 50% used [0x0000000080000000,0x00000000821ebbe0,0x0000000084300000)
 Metaspace       used 46681K, committed 47872K, reserved 1114112K
  class space    used 5095K, committed 5632K, reserved 1048576K
}
Event: 28.507 GC heap after
{Heap after GC invocations=23 (full 2):
 PSYoungGen      total 17408K, used 347K [0x00000000d5580000, 0x00000000d6a00000, 0x0000000100000000)
  eden space 15872K, 0% used [0x00000000d5580000,0x00000000d5580000,0x00000000d6500000)
  from space 1536K, 22% used [0x00000000d6780000,0x00000000d67d6e98,0x00000000d6900000)
  to   space 1024K, 0% used [0x00000000d6900000,0x00000000d6900000,0x00000000d6a00000)
 ParOldGen       total 68608K, used 35552K [0x0000000080000000, 0x0000000084300000, 0x00000000d5580000)
  object space 68608K, 51% used [0x0000000080000000,0x00000000822b82b0,0x0000000084300000)
 Metaspace       used 46681K, committed 47872K, reserved 1114112K
  class space    used 5095K, committed 5632K, reserved 1048576K
}
Event: 28.699 GC heap before
{Heap before GC invocations=24 (full 2):
 PSYoungGen      total 17408K, used 16219K [0x00000000d5580000, 0x00000000d6a00000, 0x0000000100000000)
  eden space 15872K, 100% used [0x00000000d5580000,0x00000000d6500000,0x00000000d6500000)
  from space 1536K, 22% used [0x00000000d6780000,0x00000000d67d6e98,0x00000000d6900000)
  to   space 1024K, 0% used [0x00000000d6900000,0x00000000d6900000,0x00000000d6a00000)
 ParOldGen       total 68608K, used 35552K [0x0000000080000000, 0x0000000084300000, 0x00000000d5580000)
  object space 68608K, 51% used [0x0000000080000000,0x00000000822b82b0,0x0000000084300000)
 Metaspace       used 46742K, committed 47936K, reserved 1114112K
  class space    used 5104K, committed 5632K, reserved 1048576K
}
Event: 28.700 GC heap after
{Heap after GC invocations=24 (full 2):
 PSYoungGen      total 16384K, used 352K [0x00000000d5580000, 0x00000000d6980000, 0x0000000100000000)
  eden space 15872K, 0% used [0x00000000d5580000,0x00000000d5580000,0x00000000d6500000)
  from space 512K, 68% used [0x00000000d6900000,0x00000000d6958000,0x00000000d6980000)
  to   space 512K, 0% used [0x00000000d6880000,0x00000000d6880000,0x00000000d6900000)
 ParOldGen       total 68608K, used 35754K [0x0000000080000000, 0x0000000084300000, 0x00000000d5580000)
  object space 68608K, 52% used [0x0000000080000000,0x00000000822ea910,0x0000000084300000)
 Metaspace       used 46742K, committed 47936K, reserved 1114112K
  class space    used 5104K, committed 5632K, reserved 1048576K
}
Event: 28.950 GC heap before
{Heap before GC invocations=25 (full 2):
 PSYoungGen      total 16384K, used 16224K [0x00000000d5580000, 0x00000000d6980000, 0x0000000100000000)
  eden space 15872K, 100% used [0x00000000d5580000,0x00000000d6500000,0x00000000d6500000)
  from space 512K, 68% used [0x00000000d6900000,0x00000000d6958000,0x00000000d6980000)
  to   space 512K, 0% used [0x00000000d6880000,0x00000000d6880000,0x00000000d6900000)
 ParOldGen       total 68608K, used 35754K [0x0000000080000000, 0x0000000084300000, 0x00000000d5580000)
  object space 68608K, 52% used [0x0000000080000000,0x00000000822ea910,0x0000000084300000)
 Metaspace       used 47196K, committed 48512K, reserved 1114112K
  class space    used 5151K, committed 5696K, reserved 1048576K
}
Event: 28.952 GC heap after
{Heap after GC invocations=25 (full 2):
 PSYoungGen      total 16384K, used 506K [0x00000000d5580000, 0x00000000d6980000, 0x0000000100000000)
  eden space 15872K, 0% used [0x00000000d5580000,0x00000000d5580000,0x00000000d6500000)
  from space 512K, 98% used [0x00000000d6880000,0x00000000d68feaa8,0x00000000d6900000)
  to   space 512K, 0% used [0x00000000d6900000,0x00000000d6900000,0x00000000d6980000)
 ParOldGen       total 68608K, used 36156K [0x0000000080000000, 0x0000000084300000, 0x00000000d5580000)
  object space 68608K, 52% used [0x0000000080000000,0x000000008234f3b8,0x0000000084300000)
 Metaspace       used 47196K, committed 48512K, reserved 1114112K
  class space    used 5151K, committed 5696K, reserved 1048576K
}
Event: 29.436 GC heap before
{Heap before GC invocations=26 (full 2):
 PSYoungGen      total 16384K, used 16378K [0x00000000d5580000, 0x00000000d6980000, 0x0000000100000000)
  eden space 15872K, 100% used [0x00000000d5580000,0x00000000d6500000,0x00000000d6500000)
  from space 512K, 98% used [0x00000000d6880000,0x00000000d68feaa8,0x00000000d6900000)
  to   space 512K, 0% used [0x00000000d6900000,0x00000000d6900000,0x00000000d6980000)
 ParOldGen       total 68608K, used 36156K [0x0000000080000000, 0x0000000084300000, 0x00000000d5580000)
  object space 68608K, 52% used [0x0000000080000000,0x000000008234f3b8,0x0000000084300000)
 Metaspace       used 48785K, committed 50112K, reserved 1114112K
  class space    used 5317K, committed 5888K, reserved 1048576K
}
Event: 29.438 GC heap after
{Heap after GC invocations=26 (full 2):
 PSYoungGen      total 16384K, used 504K [0x00000000d5580000, 0x00000000d6980000, 0x0000000100000000)
  eden space 15872K, 0% used [0x00000000d5580000,0x00000000d5580000,0x00000000d6500000)
  from space 512K, 98% used [0x00000000d6900000,0x00000000d697e1b8,0x00000000d6980000)
  to   space 1536K, 0% used [0x00000000d6680000,0x00000000d6680000,0x00000000d6800000)
 ParOldGen       total 68608K, used 36874K [0x0000000080000000, 0x0000000084300000, 0x00000000d5580000)
  object space 68608K, 53% used [0x0000000080000000,0x00000000824029d0,0x0000000084300000)
 Metaspace       used 48785K, committed 50112K, reserved 1114112K
  class space    used 5317K, committed 5888K, reserved 1048576K
}
Event: 29.585 GC heap before
{Heap before GC invocations=27 (full 2):
 PSYoungGen      total 16384K, used 16376K [0x00000000d5580000, 0x00000000d6980000, 0x0000000100000000)
  eden space 15872K, 100% used [0x00000000d5580000,0x00000000d6500000,0x00000000d6500000)
  from space 512K, 98% used [0x00000000d6900000,0x00000000d697e1b8,0x00000000d6980000)
  to   space 1536K, 0% used [0x00000000d6680000,0x00000000d6680000,0x00000000d6800000)
 ParOldGen       total 68608K, used 36874K [0x0000000080000000, 0x0000000084300000, 0x00000000d5580000)
  object space 68608K, 53% used [0x0000000080000000,0x00000000824029d0,0x0000000084300000)
 Metaspace       used 49066K, committed 50432K, reserved 1114112K
  class space    used 5327K, committed 5952K, reserved 1048576K
}
Event: 30.589 GC heap after
{Heap after GC invocations=27 (full 2):
 PSYoungGen      total 17408K, used 1504K [0x00000000d5580000, 0x00000000d6a00000, 0x0000000100000000)
  eden space 15872K, 0% used [0x00000000d5580000,0x00000000d5580000,0x00000000d6500000)
  from space 1536K, 97% used [0x00000000d6680000,0x00000000d67f8030,0x00000000d6800000)
  to   space 2048K, 0% used [0x00000000d6800000,0x00000000d6800000,0x00000000d6a00000)
 ParOldGen       total 68608K, used 37424K [0x0000000080000000, 0x0000000084300000, 0x00000000d5580000)
  object space 68608K, 54% used [0x0000000080000000,0x000000008248c380,0x0000000084300000)
 Metaspace       used 49066K, committed 50432K, reserved 1114112K
  class space    used 5327K, committed 5952K, reserved 1048576K
}
Event: 30.655 GC heap before
{Heap before GC invocations=28 (full 2):
 PSYoungGen      total 17408K, used 17376K [0x00000000d5580000, 0x00000000d6a00000, 0x0000000100000000)
  eden space 15872K, 100% used [0x00000000d5580000,0x00000000d6500000,0x00000000d6500000)
  from space 1536K, 97% used [0x00000000d6680000,0x00000000d67f8030,0x00000000d6800000)
  to   space 2048K, 0% used [0x00000000d6800000,0x00000000d6800000,0x00000000d6a00000)
 ParOldGen       total 68608K, used 37424K [0x0000000080000000, 0x0000000084300000, 0x00000000d5580000)
  object space 68608K, 54% used [0x0000000080000000,0x000000008248c380,0x0000000084300000)
 Metaspace       used 49082K, committed 50496K, reserved 1114112K
  class space    used 5329K, committed 5952K, reserved 1048576K
}
Event: 30.658 GC heap after
{Heap after GC invocations=28 (full 2):
 PSYoungGen      total 17408K, used 1472K [0x00000000d5580000, 0x00000000d6980000, 0x0000000100000000)
  eden space 15872K, 0% used [0x00000000d5580000,0x00000000d5580000,0x00000000d6500000)
  from space 1536K, 95% used [0x00000000d6800000,0x00000000d6970010,0x00000000d6980000)
  to   space 2048K, 0% used [0x00000000d6580000,0x00000000d6580000,0x00000000d6780000)
 ParOldGen       total 68608K, used 38917K [0x0000000080000000, 0x0000000084300000, 0x00000000d5580000)
  object space 68608K, 56% used [0x0000000080000000,0x0000000082601708,0x0000000084300000)
 Metaspace       used 49082K, committed 50496K, reserved 1114112K
  class space    used 5329K, committed 5952K, reserved 1048576K
}

